<?xml version="1.0" encoding="UTF-8"?>
<testsuite xmlns:xsi="http://www.w3.org/2001/XMLSchema-instance" xsi:noNamespaceSchemaLocation="https://maven.apache.org/surefire/maven-surefire-plugin/xsd/surefire-test-report-3.0.xsd" version="3.0" name="LocalBrokerUnitTest" time="0.204" tests="2" errors="0" skipped="0" failures="0">
  <properties>
[...]
</properties>
  <testcase name="quotationsTest" classname="LocalBrokerUnitTest" time="0.033">
    <system-out><![CDATA[bs-BrokerService
]]></system-out>
  </testcase>
  <testcase name="connectionTest" classname="LocalBrokerUnitTest" time="0.0"/>
</testsuite>